This is pdfTeX, Version 3.14159265-2.6-1.40.18 (TeX Live 2017/Debian) (preloaded format=pdflatex 2018.10.16)  30 OCT 2018 17:31
entering extended mode
 restricted \write18 enabled.
 %&-line parsing enabled.
**VDDMM.tex
(./VDDMM.tex
LaTeX2e <2017-04-15>
Babel <3.18> and hyphenation patterns for 84 language(s) loaded.
(/usr/share/texlive/texmf-dist/tex/latex/revtex/revtex4-1.cls
Document Class: revtex4-1 2010/07/25/20:33:00 4.1r (http://publish.aps.org/revt
ex4/ for documentation)
 Copyright (c) 2009 The American Physical Society.
 mailto:revtex@aps.org
 Licensed under the LPPL:
http://www.ctan.org/tex-archive/macros/latex/base/lppl.txt
 Arthur Ogawa <arthur_ogawa at sbcglobal dot net>
 Based on work by David Carlisle <david at dcarlisle.demon.co.uk>.
ltxutil[2010/07/25/20:33:00 4.1r utilities package (portions licensed from W. E
. Baxter web at superscript.com)]
LaTeX Info: Redefining \@centercr on input line 308.
Class revtex4-1 Info: Repairing broken LaTeX eqnarray on input line 358.
\eqncolsep=\skip41
Class revtex4-1 Info: Repairing hyperref-unfriendly LaTeX definition of \mpfoot
note on input line 433.
Class revtex4-1 Info: Repairing broken LateX \@sect on input line 755.
\intertabularlinepenalty=\count79
\@tbpen=\count80
\@arstrutbox@hline=\box26
Class revtex4-1 Info: Repairing broken LaTeX \@xbitor on input line 1786.
Class revtex4-1 Info: Making \typeout \long on input line 2046.
ltxfront[2010/07/25/20:33:00 4.1r frontmatter package (AO,DPC)]
\c@affil=\count81
\c@collab=\count82
\absbox=\box27
ltxgrid[2010/07/25/20:33:00 4.1r page grid package (portions licensed from W. E
. Baxter web at superscript.com)]
\c@linecount=\count83
\output@latex=\toks14
\box@size@1=\box28
\box@size@2=\box29
\@protection@box=\box30
\@topmark@saved=\toks15
\footins@saved=\box31
\footins@recovered=\box32
\column@recovered=\box33
\pagesofar=\box34
\footsofar=\box35
\pagegrid@col=\count84
Class revtex4-1 Info: Overriding \@vspace, \@vspacer, \@no@pgbk, \@newline, and
 \\  on input line 5578.
\c@part=\count85
\c@section=\count86
\c@subsection=\count87
\c@subsubsection=\count88
\c@paragraph=\count89
\c@subparagraph=\count90
\abovecaptionskip=\skip42
\belowcaptionskip=\skip43
\c@figure=\count91
\fbox@1=\box36
\c@table=\count92
\fbox@2=\box37
\c@video=\count93
\fbox@4=\box38
\@bibdataout=\write3
\widetext@top=\box39
\widetext@bot=\box40

Class revtex4-1 Warning: No Society specified, using default society aps.

(/usr/share/texlive/texmf-dist/tex/latex/revtex/aps4-1.rtx
File: aps4-1 2010/07/25/20:33:00 4.1r (http://publish.aps.org/revtex4/ for docu
mentation)
Class revtex4-1 Info: RevTeX society APS selected on input line 31.
)

Class revtex4-1 Warning: No journal specified, using default pra.

Class revtex4-1 Info: APS journal PRA selected on input line 7545.

Class revtex4-1 Warning: No type size specified, using default 10.

(/usr/share/texlive/texmf-dist/tex/latex/revtex/aps10pt4-1.rtx
File: aps10pt4-1 2010/07/25/20:33:00 4.1r (http://publish.aps.org/revtex4/ for 
documentation)
Class revtex4-1 Info: RevTeX pointsize 10pt selected on input line 30.
)
(/usr/share/texlive/texmf-dist/tex/latex/textcase/textcase.sty
Package: textcase 2004/10/07 v0.07 Text only upper/lower case changing (DPC)
)
(/usr/share/texlive/texmf-dist/tex/latex/url/url.sty
\Urlmuskip=\muskip10
Package: url 2013/09/16  ver 3.4  Verb mode for urls, etc.
)
(/usr/share/texlive/texmf-dist/tex/latex/natbib/natbib.sty
Package: natbib 2010/09/13 8.31b (PWD, AO)
\bibhang=\skip44
\bibsep=\skip45
LaTeX Info: Redefining \cite on input line 694.
\c@NAT@ctr=\count94
)
Class revtex4-1 Info: Repairing natbib's \BibitemShut on input line 7549.

(/usr/share/texlive/texmf-dist/tex/latex/revtex/revsymb4-1.sty
Package: revsymb4-1 2010/07/25/20:33:00 4.1r (http://publish.aps.org/revtex4/ f
or documentation)
LaTeX Info: Redefining \REV@mathfrak on input line 119.
))
(/usr/share/texlive/texmf-dist/tex/latex/base/inputenc.sty
Package: inputenc 2015/03/17 v1.2c Input encoding file
\inpenc@prehook=\toks16
\inpenc@posthook=\toks17

(/usr/share/texlive/texmf-dist/tex/latex/base/latin1.def
File: latin1.def 2015/03/17 v1.2c Input encoding file
))
(/usr/share/texlive/texmf-dist/tex/latex/amsmath/amsmath.sty
Package: amsmath 2017/09/02 v2.17a AMS math features
\@mathmargin=\skip46

For additional information on amsmath, use the `?' option.
(/usr/share/texlive/texmf-dist/tex/latex/amsmath/amstext.sty
Package: amstext 2000/06/29 v2.01 AMS text

(/usr/share/texlive/texmf-dist/tex/latex/amsmath/amsgen.sty
File: amsgen.sty 1999/11/30 v2.0 generic functions
\@emptytoks=\toks18
\ex@=\dimen102
)
LaTeX Info: Redefining \text on input line 28.
)
(/usr/share/texlive/texmf-dist/tex/latex/amsmath/amsbsy.sty
Package: amsbsy 1999/11/29 v1.2d Bold Symbols
\pmbraise@=\dimen103
)
(/usr/share/texlive/texmf-dist/tex/latex/amsmath/amsopn.sty
Package: amsopn 2016/03/08 v2.02 operator names
)
\inf@bad=\count95
LaTeX Info: Redefining \frac on input line 213.
\uproot@=\count96
\leftroot@=\count97
LaTeX Info: Redefining \overline on input line 375.
\classnum@=\count98
\DOTSCASE@=\count99
LaTeX Info: Redefining \ldots on input line 472.
LaTeX Info: Redefining \dots on input line 475.
LaTeX Info: Redefining \cdots on input line 596.
\Mathstrutbox@=\box41
\strutbox@=\box42
\big@size=\dimen104
LaTeX Font Info:    Redeclaring font encoding OML on input line 712.
LaTeX Font Info:    Redeclaring font encoding OMS on input line 713.
\macc@depth=\count100
\c@MaxMatrixCols=\count101
\dotsspace@=\muskip11
\c@parentequation=\count102
\dspbrk@lvl=\count103
\tag@help=\toks19
\row@=\count104
\column@=\count105
\maxfields@=\count106
\andhelp@=\toks20
\eqnshift@=\dimen105
\alignsep@=\dimen106
\tagshift@=\dimen107
\tagwidth@=\dimen108
\totwidth@=\dimen109
\lineht@=\dimen110
\@envbody=\toks21
\multlinegap=\skip47
\multlinetaggap=\skip48
\mathdisplay@stack=\toks22
LaTeX Info: Redefining \[ on input line 2817.
LaTeX Info: Redefining \] on input line 2818.
)
(/usr/share/texlive/texmf-dist/tex/latex/amsfonts/amsfonts.sty
Package: amsfonts 2013/01/14 v3.01 Basic AMSFonts support
\symAMSa=\mathgroup4
\symAMSb=\mathgroup5
LaTeX Font Info:    Overwriting math alphabet `\mathfrak' in version `bold'
(Font)                  U/euf/m/n --> U/euf/b/n on input line 106.
LaTeX Info: Redefining \frak on input line 111.
LaTeX Info: Redefining \Bbb on input line 113.
)
(/usr/share/texlive/texmf-dist/tex/latex/amsfonts/amssymb.sty
Package: amssymb 2013/01/14 v3.01 AMS font symbols
)
(/usr/share/texlive/texmf-dist/tex/latex/graphics/graphicx.sty
Package: graphicx 2017/06/01 v1.1a Enhanced LaTeX Graphics (DPC,SPQR)

(/usr/share/texlive/texmf-dist/tex/latex/graphics/keyval.sty
Package: keyval 2014/10/28 v1.15 key=value parser (DPC)
\KV@toks@=\toks23
)
(/usr/share/texlive/texmf-dist/tex/latex/graphics/graphics.sty
Package: graphics 2017/06/25 v1.2c Standard LaTeX Graphics (DPC,SPQR)

(/usr/share/texlive/texmf-dist/tex/latex/graphics/trig.sty
Package: trig 2016/01/03 v1.10 sin cos tan (DPC)
)
(/usr/share/texlive/texmf-dist/tex/latex/graphics-cfg/graphics.cfg
File: graphics.cfg 2016/06/04 v1.11 sample graphics configuration
)
Package graphics Info: Driver file: pdftex.def on input line 99.

(/usr/share/texlive/texmf-dist/tex/latex/graphics-def/pdftex.def
File: pdftex.def 2018/01/08 v1.0l Graphics/color driver for pdftex
))
\Gin@req@height=\dimen111
\Gin@req@width=\dimen112
)
(/usr/share/texlive/texmf-dist/tex/latex/hyperref/hyperref.sty
Package: hyperref 2018/02/06 v6.86b Hypertext links for LaTeX

(/usr/share/texlive/texmf-dist/tex/generic/oberdiek/hobsub-hyperref.sty
Package: hobsub-hyperref 2016/05/16 v1.14 Bundle oberdiek, subset hyperref (HO)


(/usr/share/texlive/texmf-dist/tex/generic/oberdiek/hobsub-generic.sty
Package: hobsub-generic 2016/05/16 v1.14 Bundle oberdiek, subset generic (HO)
Package: hobsub 2016/05/16 v1.14 Construct package bundles (HO)
Package: infwarerr 2016/05/16 v1.4 Providing info/warning/error messages (HO)
Package: ltxcmds 2016/05/16 v1.23 LaTeX kernel commands for general use (HO)
Package: ifluatex 2016/05/16 v1.4 Provides the ifluatex switch (HO)
Package ifluatex Info: LuaTeX not detected.
Package: ifvtex 2016/05/16 v1.6 Detect VTeX and its facilities (HO)
Package ifvtex Info: VTeX not detected.
Package: intcalc 2016/05/16 v1.2 Expandable calculations with integers (HO)
Package: ifpdf 2017/03/15 v3.2 Provides the ifpdf switch
Package: etexcmds 2016/05/16 v1.6 Avoid name clashes with e-TeX commands (HO)
Package etexcmds Info: Could not find \expanded.
(etexcmds)             That can mean that you are not using pdfTeX 1.50 or
(etexcmds)             that some package has redefined \expanded.
(etexcmds)             In the latter case, load this package earlier.
Package: kvsetkeys 2016/05/16 v1.17 Key value parser (HO)
Package: kvdefinekeys 2016/05/16 v1.4 Define keys (HO)
Package: pdftexcmds 2018/01/21 v0.26 Utility functions of pdfTeX for LuaTeX (HO
)
Package pdftexcmds Info: LuaTeX not detected.
Package pdftexcmds Info: \pdf@primitive is available.
Package pdftexcmds Info: \pdf@ifprimitive is available.
Package pdftexcmds Info: \pdfdraftmode found.
Package: pdfescape 2016/05/16 v1.14 Implements pdfTeX's escape features (HO)
Package: bigintcalc 2016/05/16 v1.4 Expandable calculations on big integers (HO
)
Package: bitset 2016/05/16 v1.2 Handle bit-vector datatype (HO)
Package: uniquecounter 2016/05/16 v1.3 Provide unlimited unique counter (HO)
)
Package hobsub Info: Skipping package `hobsub' (already loaded).
Package: letltxmacro 2016/05/16 v1.5 Let assignment for LaTeX macros (HO)
Package: hopatch 2016/05/16 v1.3 Wrapper for package hooks (HO)
Package: xcolor-patch 2016/05/16 xcolor patch
Package: atveryend 2016/05/16 v1.9 Hooks at the very end of document (HO)
Package: atbegshi 2016/06/09 v1.18 At begin shipout hook (HO)
Package: refcount 2016/05/16 v3.5 Data extraction from label references (HO)
Package: hycolor 2016/05/16 v1.8 Color options for hyperref/bookmark (HO)
)
(/usr/share/texlive/texmf-dist/tex/generic/ifxetex/ifxetex.sty
Package: ifxetex 2010/09/12 v0.6 Provides ifxetex conditional
)
(/usr/share/texlive/texmf-dist/tex/latex/oberdiek/auxhook.sty
Package: auxhook 2016/05/16 v1.4 Hooks for auxiliary files (HO)
)
(/usr/share/texlive/texmf-dist/tex/latex/oberdiek/kvoptions.sty
Package: kvoptions 2016/05/16 v3.12 Key value format for package options (HO)
)
\@linkdim=\dimen113
\Hy@linkcounter=\count107
\Hy@pagecounter=\count108

(/usr/share/texlive/texmf-dist/tex/latex/hyperref/pd1enc.def
File: pd1enc.def 2018/02/06 v6.86b Hyperref: PDFDocEncoding definition (HO)
)
\Hy@SavedSpaceFactor=\count109

(/usr/share/texlive/texmf-dist/tex/latex/latexconfig/hyperref.cfg
File: hyperref.cfg 2002/06/06 v1.2 hyperref configuration of TeXLive
)
Package hyperref Info: Hyper figures OFF on input line 4509.
Package hyperref Info: Link nesting OFF on input line 4514.
Package hyperref Info: Hyper index ON on input line 4517.
Package hyperref Info: Plain pages OFF on input line 4524.
Package hyperref Info: Backreferencing OFF on input line 4529.
Package hyperref Info: Implicit mode ON; LaTeX internals redefined.
Package hyperref Info: Bookmarks ON on input line 4762.
LaTeX Info: Redefining \href on input line 5026.
\c@Hy@tempcnt=\count110
LaTeX Info: Redefining \url on input line 5115.
\XeTeXLinkMargin=\dimen114
\Fld@menulength=\count111
\Field@Width=\dimen115
\Fld@charsize=\dimen116
Package hyperref Info: Hyper figures OFF on input line 6369.
Package hyperref Info: Link nesting OFF on input line 6374.
Package hyperref Info: Hyper index ON on input line 6377.
Package hyperref Info: backreferencing OFF on input line 6384.
Package hyperref Info: Link coloring OFF on input line 6389.
Package hyperref Info: Link coloring with OCG OFF on input line 6394.
Package hyperref Info: PDF/A mode OFF on input line 6399.
LaTeX Info: Redefining \ref on input line 6439.
LaTeX Info: Redefining \pageref on input line 6443.
\Hy@abspage=\count112
\c@Item=\count113
\c@Hfootnote=\count114
)
Package hyperref Info: Driver (autodetected): hpdftex.

(/usr/share/texlive/texmf-dist/tex/latex/hyperref/hpdftex.def
File: hpdftex.def 2018/02/06 v6.86b Hyperref driver for pdfTeX
\Fld@listcount=\count115
\c@bookmark@seq@number=\count116

(/usr/share/texlive/texmf-dist/tex/latex/oberdiek/rerunfilecheck.sty
Package: rerunfilecheck 2016/05/16 v1.8 Rerun checks for auxiliary files (HO)
Package uniquecounter Info: New unique counter `rerunfilecheck' on input line 2
82.
)
\Hy@SectionHShift=\skip49
)
(/usr/share/texlive/texmf-dist/tex/latex/graphics/color.sty
Package: color 2016/07/10 v1.1e Standard LaTeX Color (DPC)

(/usr/share/texlive/texmf-dist/tex/latex/graphics-cfg/color.cfg
File: color.cfg 2016/01/02 v1.6 sample color configuration
)
Package color Info: Driver file: pdftex.def on input line 147.
)
(/usr/share/texlive/texmf-dist/tex/latex/caption/caption.sty
Package: caption 2016/02/21 v3.3-144 Customizing captions (AR)

(/usr/share/texlive/texmf-dist/tex/latex/caption/caption3.sty
Package: caption3 2016/05/22 v1.7-166 caption3 kernel (AR)
Package caption3 Info: TeX engine: e-TeX on input line 67.
\captionmargin=\dimen117
\captionmargin@=\dimen118
\captionwidth=\dimen119
\caption@tempdima=\dimen120
\caption@indent=\dimen121
\caption@parindent=\dimen122
\caption@hangindent=\dimen123
Package caption Info: Unknown document class (or package),
(caption)             standard defaults will be used.
)

Package caption Warning: Unsupported document class (or package) detected,
(caption)                usage of the caption package is not recommended.
See the caption package documentation for explanation.

Package caption Info: \@makecaption = \long macro:#1#2->\par \vskip \abovecapti
onskip \begingroup \small \rmfamily \sbox \@tempboxa {\let \\\heading@cr \@make
@capt@title {#1}{#2}}\@ifdim {\wd \@tempboxa >\hsize }{\begingroup \samepage \f
lushing \let \footnote \@footnotemark@gobble \@make@capt@title {#1}{#2}\par \en
dgroup }{\global \@minipagefalse \hb@xt@ \hsize {\hfil \unhbox \@tempboxa \hfil
 }}\endgroup \vskip \belowcaptionskip .
\c@ContinuedFloat=\count117
Package caption Info: hyperref package is loaded.
) (/usr/share/texlive/texmf-dist/tex/latex/tools/verbatim.sty
Package: verbatim 2014/10/28 v1.5q LaTeX2e package for verbatim enhancements
\every@verbatim=\toks24
\verbatim@line=\toks25
\verbatim@in@stream=\read1
)
(/usr/share/texlive/texmf-dist/tex/generic/ulem/ulem.sty
\UL@box=\box43
\UL@hyphenbox=\box44
\UL@skip=\skip50
\UL@hook=\toks26
\UL@height=\dimen124
\UL@pe=\count118
\UL@pixel=\dimen125
\ULC@box=\box45
Package: ulem 2012/05/18
\ULdepth=\dimen126
)
(/usr/share/texlive/texmf-dist/tex/latex/subfigure/subfigure.sty
Package: subfigure 2002/03/15 v2.1.5 subfigure package
\subfigtopskip=\skip51
\subfigcapskip=\skip52
\subfigcaptopadj=\dimen127
\subfigbottomskip=\skip53
\subfigcapmargin=\dimen128
\subfiglabelskip=\skip54
\c@subfigure=\count119
\c@lofdepth=\count120
\c@subtable=\count121
\c@lotdepth=\count122

****************************************
* Local config file subfigure.cfg used *
****************************************
(/usr/share/texlive/texmf-dist/tex/latex/subfigure/subfigure.cfg)
\subfig@top=\skip55
\subfig@bottom=\skip56
)
(/usr/share/texlive/texmf-dist/tex/latex/carlisle/slashed.sty
Package: slashed 1997/01/16 v0.01 Feynman Slashed Character Notation (DPC)
)
Class revtex4-1 Info: Patching LaTeX tabular. on input line 91.
Class revtex4-1 Info: Robustifying \LaTeX's \boldmath command on input line 91.

Class revtex4-1 Info: cite was not loaded (OK!) on input line 91.
Class revtex4-1 Info: mcite was not loaded (OK!) on input line 91.
Class revtex4-1 Info: multicol was not loaded (OK!) on input line 91.
 (./VDDMM.aux

Package natbib Warning: Citation `Beltran:2010ww' multiply defined.


Package natbib Warning: Citation `Bai:2010hh' multiply defined.


Package natbib Warning: Citation `Fitzpatrick:2012ix' multiply defined.


Package natbib Warning: Citation `Busoni:2013lha' multiply defined.


Package natbib Warning: Citation `Busoni:2014sya' multiply defined.


Package natbib Warning: Citation `Belyaev:2016pxe' multiply defined.


Package natbib Warning: Citation `PhysRevD.85.056011' multiply defined.


Package natbib Warning: Citation `PhysRevD.84.095013' multiply defined.


Package natbib Warning: Citation `Buckley:2014fba' multiply defined.


Package natbib Warning: Citation `Buchmueller:2013dya' multiply defined.


Package natbib Warning: Citation `Buchmueller:2014yoa' multiply defined.


Package natbib Warning: Citation `Abdallah:2015ter' multiply defined.


Package natbib Warning: Citation `Abdallah:2014hon' multiply defined.


Package natbib Warning: Citation `Cirelli:2005uq' multiply defined.


Package natbib Warning: Citation `Hambye:2008bq' multiply defined.


Package natbib Warning: Citation `DiazCruz:2010dc' multiply defined.


Package natbib Warning: Citation `Kanemura:2010sh' multiply defined.


Package natbib Warning: Citation `Djouadi:2011aa' multiply defined.


Package natbib Warning: Citation `Lebedev:2011iq' multiply defined.


Package natbib Warning: Citation `Farzan:2012hh' multiply defined.


Package natbib Warning: Citation `Baek:2012se' multiply defined.


Package natbib Warning: Citation `Yu:2014pra' multiply defined.


Package natbib Warning: Citation `Gross:2015cwa' multiply defined.


Package natbib Warning: Citation `DiChiara:2015bua' multiply defined.


Package natbib Warning: Citation `Servant:2002aq' multiply defined.


Package natbib Warning: Citation `Birkedal:2006fz' multiply defined.


Package natbib Warning: Citation `Abe:2012hb' multiply defined.


Package natbib Warning: Citation `Belyaev:2018xpf' multiply defined.


Package natbib Warning: Citation `Mizukoshi:2010ky' multiply defined.


Package natbib Warning: Citation `Dong:2017zxo' multiply defined.


Package natbib Warning: Citation `Maru:2018ocf' multiply defined.


Package natbib Warning: Citation `PhysRevD.18.2574' multiply defined.


Package natbib Warning: Citation `Barbieri:2006dq' multiply defined.


Package natbib Warning: Citation `Goudelis:2013uca' multiply defined.


Package natbib Warning: Citation `Arhrib:2013ela' multiply defined.


Package natbib Warning: Citation `Ilnicka:2015jba' multiply defined.


Package natbib Warning: Citation `Belyaev:2016lok' multiply defined.


Package natbib Warning: Citation `Hewett:1993ks' multiply defined.


Package natbib Warning: Citation `LopezHonorez:2006gr' multiply defined.


Package natbib Warning: Citation `Tulin:2017ara' multiply defined.


Package natbib Warning: Citation `Semenov:2010qt' multiply defined.


Package natbib Warning: Citation `Belyaev:2012qa' multiply defined.


Package natbib Warning: Citation `Belanger:2013oya' multiply defined.


Package natbib Warning: Citation `Belanger:2006is' multiply defined.


Package natbib Warning: Citation `Belanger:2010gh' multiply defined.


Package natbib Warning: Citation `Cao:2007rm' multiply defined.


Package natbib Warning: Citation `Gustafsson:2007pc' multiply defined.


Package natbib Warning: Citation `PhysRevD.79.035013' multiply defined.


Package natbib Warning: Citation `Pierce:2007ut' multiply defined.


Package natbib Warning: Citation `Abreu:2000dd' multiply defined.


Package natbib Warning: Citation `Abbiendi:1999ar' multiply defined.


Package natbib Warning: Citation `Aaboud:2018xdt' multiply defined.


Package natbib Warning: Citation `Aad:2015txa' multiply defined.


Package natbib Warning: Citation `Khachatryan:2016whc' multiply defined.


Package natbib Warning: Citation `Belyaev:2018ext' multiply defined.


Package natbib Warning: Citation `Hinshaw:2012aka' multiply defined.


Package natbib Warning: Citation `Ade:2013zuv' multiply defined.


Package natbib Warning: Citation `Planck:2015xua' multiply defined.


Package natbib Warning: Citation `Aprile:2017iyp' multiply defined.


Package natbib Warning: Citation `Kahlhoefer:2015bea' multiply defined.


Package natbib Warning: Citation `maxima' multiply defined.


Package natbib Warning: Citation `Dirac2' multiply defined.


Package natbib Warning: Citation `Lee:1977eg' multiply defined.

)
\openout1 = `VDDMM.aux'.

LaTeX Font Info:    Checking defaults for OML/cmm/m/it on input line 91.
LaTeX Font Info:    ... okay on input line 91.
LaTeX Font Info:    Checking defaults for T1/cmr/m/n on input line 91.
LaTeX Font Info:    ... okay on input line 91.
LaTeX Font Info:    Checking defaults for OT1/cmr/m/n on input line 91.
LaTeX Font Info:    ... okay on input line 91.
LaTeX Font Info:    Checking defaults for OMS/cmsy/m/n on input line 91.
LaTeX Font Info:    ... okay on input line 91.
LaTeX Font Info:    Checking defaults for OMX/cmex/m/n on input line 91.
LaTeX Font Info:    ... okay on input line 91.
LaTeX Font Info:    Checking defaults for U/cmr/m/n on input line 91.
LaTeX Font Info:    ... okay on input line 91.
LaTeX Font Info:    Checking defaults for PD1/pdf/m/n on input line 91.
LaTeX Font Info:    ... okay on input line 91.
 (/usr/share/texlive/texmf-dist/tex/context/base/mkii/supp-pdf.mkii
[Loading MPS to PDF converter (version 2006.09.02).]
\scratchcounter=\count123
\scratchdimen=\dimen129
\scratchbox=\box46
\nofMPsegments=\count124
\nofMParguments=\count125
\everyMPshowfont=\toks27
\MPscratchCnt=\count126
\MPscratchDim=\dimen130
\MPnumerator=\count127
\makeMPintoPDFobject=\count128
\everyMPtoPDFconversion=\toks28
) (/usr/share/texlive/texmf-dist/tex/latex/oberdiek/epstopdf-base.sty
Package: epstopdf-base 2016/05/15 v2.6 Base part for package epstopdf

(/usr/share/texlive/texmf-dist/tex/latex/oberdiek/grfext.sty
Package: grfext 2016/05/16 v1.2 Manage graphics extensions (HO)
)
Package epstopdf-base Info: Redefining graphics rule for `.eps' on input line 4
38.
Package grfext Info: Graphics extension search list:
(grfext)             [.pdf,.png,.jpg,.mps,.jpeg,.jbig2,.jb2,.PDF,.PNG,.JPG,.JPE
G,.JBIG2,.JB2,.eps]
(grfext)             \AppendGraphicsExtensions on input line 456.

(/usr/share/texlive/texmf-dist/tex/latex/latexconfig/epstopdf-sys.cfg
File: epstopdf-sys.cfg 2010/07/13 v1.3 Configuration of (r)epstopdf for TeX Liv
e
))
\AtBeginShipoutBox=\box47
Package hyperref Info: Link coloring OFF on input line 91.

(/usr/share/texlive/texmf-dist/tex/latex/hyperref/nameref.sty
Package: nameref 2016/05/21 v2.44 Cross-referencing by name of section

(/usr/share/texlive/texmf-dist/tex/generic/oberdiek/gettitlestring.sty
Package: gettitlestring 2016/05/16 v1.5 Cleanup title references (HO)
)
\c@section@level=\count129
)
LaTeX Info: Redefining \ref on input line 91.
LaTeX Info: Redefining \pageref on input line 91.
LaTeX Info: Redefining \nameref on input line 91.

(./VDDMM.out) (./VDDMM.out)
\@outlinefile=\write4
\openout4 = `VDDMM.out'.

Package caption Info: Begin \AtBeginDocument code.
Package caption Info: subfigure package is loaded.
Package caption Info: End \AtBeginDocument code.
Class revtex4-1 Info: Taking \maketitle back from hyperref on input line 91.
\openout3 = `VDDMMNotes.bib'.

LaTeX Font Info:    Try loading font information for U+msa on input line 112.

(/usr/share/texlive/texmf-dist/tex/latex/amsfonts/umsa.fd
File: umsa.fd 2013/01/14 v3.01 AMS symbols A
)
LaTeX Font Info:    Try loading font information for U+msb on input line 112.

(/usr/share/texlive/texmf-dist/tex/latex/amsfonts/umsb.fd
File: umsb.fd 2013/01/14 v3.01 AMS symbols B
)

Package hyperref Warning: Token not allowed in a PDF string (PDFDocEncoding):
(hyperref)                removing `math shift' on input line 116.


Package hyperref Warning: Token not allowed in a PDF string (PDFDocEncoding):
(hyperref)                removing `subscript' on input line 116.


Package hyperref Warning: Token not allowed in a PDF string (PDFDocEncoding):
(hyperref)                removing `math shift' on input line 116.

[1{/var/lib/texmf/fonts/map/pdftex/updmap/pdftex.map}] [2] [3] [4]
<LEP_neutralinos.png, id=208, 434.1018pt x 289.08pt>
File: LEP_neutralinos.png Graphic file (type png)
<use LEP_neutralinos.png>
Package pdftex.def Info: LEP_neutralinos.png  used on input line 287.
(pdftex.def)             Requested size: 255.0pt x 169.81026pt.
<LEP_charginos.png, id=209, 434.1018pt x 289.08pt>
File: LEP_charginos.png Graphic file (type png)
<use LEP_charginos.png>
Package pdftex.def Info: LEP_charginos.png  used on input line 288.
(pdftex.def)             Requested size: 255.0pt x 169.81026pt.


LaTeX Font Warning: Command \footnotesize invalid in math mode on input line 29
7.


Package hyperref Warning: Token not allowed in a PDF string (PDFDocEncoding):
(hyperref)                removing `math shift' on input line 365.


Package hyperref Warning: Token not allowed in a PDF string (PDFDocEncoding):
(hyperref)                removing `\rightarrow' on input line 365.


Package hyperref Warning: Token not allowed in a PDF string (PDFDocEncoding):
(hyperref)                removing `\gamma' on input line 365.


Package hyperref Warning: Token not allowed in a PDF string (PDFDocEncoding):
(hyperref)                removing `\gamma' on input line 365.


Package hyperref Warning: Token not allowed in a PDF string (PDFDocEncoding):
(hyperref)                removing `math shift' on input line 365.

[5 <./LEP_neutralinos.png (PNG copy)> <./LEP_charginos.png (PNG copy)>]
<RAA_Mv1_Omega.png, id=242, 434.1018pt x 289.08pt>
File: RAA_Mv1_Omega.png Graphic file (type png)
<use RAA_Mv1_Omega.png>
Package pdftex.def Info: RAA_Mv1_Omega.png  used on input line 397.
(pdftex.def)             Requested size: 255.0pt x 169.81026pt.
<RAA_Mvp_l2_cut1.png, id=243, 434.1018pt x 289.08pt>
File: RAA_Mvp_l2_cut1.png Graphic file (type png)
<use RAA_Mvp_l2_cut1.png>
Package pdftex.def Info: RAA_Mvp_l2_cut1.png  used on input line 398.
(pdftex.def)             Requested size: 255.0pt x 169.81026pt.

[6 <./RAA_Mv1_Omega.png (PNG copy)> <./RAA_Mvp_l2_cut1.png (PNG copy)>]
[7]
<Omega_Mv1_deg.png, id=288, 463.0098pt x 347.3778pt>
File: Omega_Mv1_deg.png Graphic file (type png)
<use Omega_Mv1_deg.png>
Package pdftex.def Info: Omega_Mv1_deg.png  used on input line 445.
(pdftex.def)             Requested size: 255.0pt x 191.3181pt.
<Omega_Mv1_nodeg.png, id=289, 463.0098pt x 347.3778pt>
File: Omega_Mv1_nodeg.png Graphic file (type png)
<use Omega_Mv1_nodeg.png>
Package pdftex.def Info: Omega_Mv1_nodeg.png  used on input line 446.
(pdftex.def)             Requested size: 255.0pt x 191.3181pt.
 [8 <./Omega_Mv1_deg.png (PNG copy)> <./Omega_Mv1_nodeg.png (PNG copy)>]
<Omega_XENON_deg.png, id=307, 463.0098pt x 347.3778pt>
File: Omega_XENON_deg.png Graphic file (type png)
<use Omega_XENON_deg.png>
Package pdftex.def Info: Omega_XENON_deg.png  used on input line 473.
(pdftex.def)             Requested size: 255.0pt x 191.3181pt.
<Omega_XENON_nodeg.png, id=308, 463.0098pt x 347.3778pt>
File: Omega_XENON_nodeg.png Graphic file (type png)
<use Omega_XENON_nodeg.png>
Package pdftex.def Info: Omega_XENON_nodeg.png  used on input line 474.
(pdftex.def)             Requested size: 255.0pt x 191.3181pt.

[9 <./Omega_XENON_deg.png (PNG copy)> <./Omega_XENON_nodeg.png (PNG copy)>]
<Mv1_lamL_Omega_no_cuts.png, id=332, 434.1018pt x 289.08pt>
File: Mv1_lamL_Omega_no_cuts.png Graphic file (type png)
<use Mv1_lamL_Omega_no_cuts.png>
Package pdftex.def Info: Mv1_lamL_Omega_no_cuts.png  used on input line 519.
(pdftex.def)             Requested size: 260.0972pt x 173.20673pt.
<Mv1_Mv2_Omega_no_cuts.png, id=333, 434.1018pt x 289.08pt>
File: Mv1_Mv2_Omega_no_cuts.png Graphic file (type png)
<use Mv1_Mv2_Omega_no_cuts.png>
Package pdftex.def Info: Mv1_Mv2_Omega_no_cuts.png  used on input line 520.
(pdftex.def)             Requested size: 260.0972pt x 173.20673pt.

Overfull \hbox (10.1944pt too wide) in paragraph at lines 519--521
 [][][] 
 []

<Mv1_lamL_Omega_cut12345678.png, id=334, 434.1018pt x 289.08pt>
File: Mv1_lamL_Omega_cut12345678.png Graphic file (type png)
<use Mv1_lamL_Omega_cut12345678.png>
Package pdftex.def Info: Mv1_lamL_Omega_cut12345678.png  used on input line 523
.
(pdftex.def)             Requested size: 260.0972pt x 173.20673pt.
<Mv1_Mv2_Omega_cut12345678.png, id=335, 434.1018pt x 289.08pt>
File: Mv1_Mv2_Omega_cut12345678.png Graphic file (type png)
<use Mv1_Mv2_Omega_cut12345678.png>
Package pdftex.def Info: Mv1_Mv2_Omega_cut12345678.png  used on input line 524.

(pdftex.def)             Requested size: 260.0972pt x 173.20673pt.

Overfull \hbox (10.1944pt too wide) in paragraph at lines 521--525
 [][] 
 []

[10]
<Mv1_lamL_Omega_cut12345678ab10.png, id=351, 434.1018pt x 289.08pt>
File: Mv1_lamL_Omega_cut12345678ab10.png Graphic file (type png)
<use Mv1_lamL_Omega_cut12345678ab10.png>
Package pdftex.def Info: Mv1_lamL_Omega_cut12345678ab10.png  used on input line
 559.
(pdftex.def)             Requested size: 255.0pt x 169.81026pt.
<Mv1_Mv2_Omega_cut12345678ab10.png, id=352, 434.1018pt x 289.08pt>
File: Mv1_Mv2_Omega_cut12345678ab10.png Graphic file (type png)
<use Mv1_Mv2_Omega_cut12345678ab10.png>
Package pdftex.def Info: Mv1_Mv2_Omega_cut12345678ab10.png  used on input line 
560.
(pdftex.def)             Requested size: 255.0pt x 169.81026pt.
 [11 <./Mv1_lamL_Omega_no_cuts.png (PNG copy)> <./Mv1_Mv2_Omega_no_cuts.png (PN
G copy)> <./Mv1_lamL_Omega_cut12345678.png (PNG copy)> <./Mv1_Mv2_Omega_cut1234
5678.png (PNG copy)>]
<close_parameter_space.png, id=362, 463.0098pt x 347.3778pt>
File: close_parameter_space.png Graphic file (type png)
<use close_parameter_space.png>
Package pdftex.def Info: close_parameter_space.png  used on input line 569.
(pdftex.def)             Requested size: 260.0972pt x 195.1398pt.
<close_parameter_space2.png, id=363, 463.0098pt x 347.3778pt>
File: close_parameter_space2.png Graphic file (type png)
<use close_parameter_space2.png>
Package pdftex.def Info: close_parameter_space2.png  used on input line 570.
(pdftex.def)             Requested size: 260.0972pt x 195.1398pt.

Overfull \hbox (10.1944pt too wide) in paragraph at lines 569--571
 [][][] 
 []

[12 <./Mv1_lamL_Omega_cut12345678ab10.png (PNG copy)> <./Mv1_Mv2_Omega_cut12345
678ab10.png (PNG copy)> <./close_parameter_space.png (PNG copy)> <./close_param
eter_space2.png (PNG copy)>]
<cross_sections.png, id=377, 463.0098pt x 347.3778pt>
File: cross_sections.png Graphic file (type png)
<use cross_sections.png>
Package pdftex.def Info: cross_sections.png  used on input line 587.
(pdftex.def)             Requested size: 255.0pt x 191.3181pt.
<plot_iDM_VDDMM_nor_jXX_sum.png, id=378, 463.0098pt x 347.3778pt>
File: plot_iDM_VDDMM_nor_jXX_sum.png Graphic file (type png)
<use plot_iDM_VDDMM_nor_jXX_sum.png>
Package pdftex.def Info: plot_iDM_VDDMM_nor_jXX_sum.png  used on input line 594
.
(pdftex.def)             Requested size: 255.0pt x 191.3181pt.
<plot_iDM_VDDMM_nor_ZXX_sum.png, id=379, 463.0098pt x 347.3778pt>
File: plot_iDM_VDDMM_nor_ZXX_sum.png Graphic file (type png)
<use plot_iDM_VDDMM_nor_ZXX_sum.png>
Package pdftex.def Info: plot_iDM_VDDMM_nor_ZXX_sum.png  used on input line 596
.
(pdftex.def)             Requested size: 255.0pt x 191.3181pt.
<plot_iDM_VDDMM_nor_HXX_sum.png, id=380, 463.0098pt x 347.3778pt>
File: plot_iDM_VDDMM_nor_HXX_sum.png Graphic file (type png)
<use plot_iDM_VDDMM_nor_HXX_sum.png>
Package pdftex.def Info: plot_iDM_VDDMM_nor_HXX_sum.png  used on input line 600
.
(pdftex.def)             Requested size: 255.0pt x 191.3181pt.
<plot_iDM_VDDMM_nor_jXX_sum_inv.png, id=383, 463.0098pt x 347.3778pt>
File: plot_iDM_VDDMM_nor_jXX_sum_inv.png Graphic file (type png)
<use plot_iDM_VDDMM_nor_jXX_sum_inv.png>
Package pdftex.def Info: plot_iDM_VDDMM_nor_jXX_sum_inv.png  used on input line
 612.
(pdftex.def)             Requested size: 255.0pt x 191.3181pt.

Overfull \vbox (8.65202pt too high) has occurred while \output is active []


[13 <./cross_sections.png (PNG copy)>]
<lamL_Mv1_L_hV1.png, id=398, 434.1018pt x 289.08pt>
File: lamL_Mv1_L_hV1.png Graphic file (type png)
<use lamL_Mv1_L_hV1.png>
Package pdftex.def Info: lamL_Mv1_L_hV1.png  used on input line 671.
(pdftex.def)             Requested size: 260.0972pt x 173.20673pt.
<lamL_Mvp_L_ZVp_NEW.png, id=399, 434.1018pt x 289.08pt>
File: lamL_Mvp_L_ZVp_NEW.png Graphic file (type png)
<use lamL_Mvp_L_ZVp_NEW.png>
Package pdftex.def Info: lamL_Mvp_L_ZVp_NEW.png  used on input line 672.
(pdftex.def)             Requested size: 260.0972pt x 173.20673pt.

Overfull \hbox (10.1944pt too wide) in paragraph at lines 671--673
 [][][] 
 []

[14 <./plot_iDM_VDDMM_nor_jXX_sum.png (PNG copy)> <./plot_iDM_VDDMM_nor_ZXX_sum
.png (PNG copy)> <./plot_iDM_VDDMM_nor_HXX_sum.png (PNG copy)>] [15 <./plot_iDM
_VDDMM_nor_jXX_sum_inv.png (PNG copy)> <./lamL_Mv1_L_hV1.png (PNG copy)> <./lam
L_Mvp_L_ZVp_NEW.png (PNG copy)>]
<Mv1_Mv2_L_hV1_per.png, id=435, 434.1018pt x 289.08pt>
File: Mv1_Mv2_L_hV1_per.png Graphic file (type png)
<use Mv1_Mv2_L_hV1_per.png>
Package pdftex.def Info: Mv1_Mv2_L_hV1_per.png  used on input line 725.
(pdftex.def)             Requested size: 229.49844pt x 152.8279pt.
<Mv1_Mvp_L_hV1_per.png, id=436, 434.1018pt x 289.08pt>
File: Mv1_Mvp_L_hV1_per.png Graphic file (type png)
<use Mv1_Mvp_L_hV1_per.png>
Package pdftex.def Info: Mv1_Mvp_L_hV1_per.png  used on input line 727.
(pdftex.def)             Requested size: 229.49844pt x 152.8279pt.
<Mv2_Mvp_L_hV1_per.png, id=437, 434.1018pt x 289.08pt>
File: Mv2_Mvp_L_hV1_per.png Graphic file (type png)
<use Mv2_Mvp_L_hV1_per.png>
Package pdftex.def Info: Mv2_Mvp_L_hV1_per.png  used on input line 730.
(pdftex.def)             Requested size: 229.49844pt x 152.8279pt.
 [16]
<lamL_Mv1_L_ZVC.png, id=449, 434.1018pt x 289.08pt>
File: lamL_Mv1_L_ZVC.png Graphic file (type png)
<use lamL_Mv1_L_ZVC.png>
Package pdftex.def Info: lamL_Mv1_L_ZVC.png  used on input line 741.
(pdftex.def)             Requested size: 229.49844pt x 152.8279pt.
<Mv1_Mv2_L_ZVC_per.png, id=450, 434.1018pt x 289.08pt>
File: Mv1_Mv2_L_ZVC_per.png Graphic file (type png)
<use Mv1_Mv2_L_ZVC_per.png>
Package pdftex.def Info: Mv1_Mv2_L_ZVC_per.png  used on input line 743.
(pdftex.def)             Requested size: 229.49844pt x 152.8279pt.
<Mv1_Mvp_L_ZVC_per.png, id=451, 434.1018pt x 289.08pt>
File: Mv1_Mvp_L_ZVC_per.png Graphic file (type png)
<use Mv1_Mvp_L_ZVC_per.png>
Package pdftex.def Info: Mv1_Mvp_L_ZVC_per.png  used on input line 746.
(pdftex.def)             Requested size: 229.49844pt x 152.8279pt.
<Mv2_Mvp_L_ZVC_per.png, id=452, 434.1018pt x 289.08pt>
File: Mv2_Mvp_L_ZVC_per.png Graphic file (type png)
<use Mv2_Mvp_L_ZVC_per.png>
Package pdftex.def Info: Mv2_Mvp_L_ZVC_per.png  used on input line 748.
(pdftex.def)             Requested size: 229.49844pt x 152.8279pt.
 [17 <./Mv1_Mv2_L_hV1_per.png (PNG copy)> <./Mv1_Mvp_L_hV1_per.png (PNG copy)> 
<./Mv2_Mvp_L_hV1_per.png (PNG copy)>]
[18 <./lamL_Mv1_L_ZVC.png (PNG copy)> <./Mv1_Mv2_L_ZVC_per.png (PNG copy)> <./M
v1_Mvp_L_ZVC_per.png (PNG copy)> <./Mv2_Mvp_L_ZVC_per.png (PNG copy)>]
Underfull \hbox (badness 3919) in paragraph at lines 879--885
[]\OT1/cmr/m/n/9 M. Cirelli, N. For-nengo, and A. Stru-mia, ``Min-i-mal dark ma
t-ter,'' []\OT1/cmr/m/it/9 Nucl. Phys. \OT1/cmr/bx/n/9 B753 \OT1/cmr/m/n/9 (200
6) 178--194[],
 []

[19]
Underfull \hbox (badness 1565) in paragraph at lines 1008--1012
[]\OT1/cmr/m/n/9 N. Maru, N. Okada, and S. Okada, ``$\OML/cmm/m/it/9 SU\OT1/cmr
/m/n/9 (2)[]$ Dou-blet Vec-tor Dark Mat-ter from Gauge-Higgs Uni-fi-ca-tion,''
 []

[20] (./VDDMM.bblpdfTeX warning (ext4): destination with the same identifier (n
ame{cite.Beltran:2010ww}) has been already used, duplicate ignored
<to be read again> 
                   \relax 
l.3 \bibitem{Beltran:2010ww}
                            pdfTeX warning (ext4): destination with the same id
entifier (name{cite.Bai:2010hh}) has been already used, duplicate ignored
<to be read again> 
                   \relax 
l.11 \bibitem{Bai:2010hh}
                         pdfTeX warning (ext4): destination with the same ident
ifier (name{cite.Fitzpatrick:2012ix}) has been already used, duplicate ignored
<to be read again> 
                   \relax 
l.19 \bibitem{Fitzpatrick:2012ix}
                                 pdfTeX warning (ext4): destination with the sa
me identifier (name{cite.Busoni:2013lha}) has been already used, duplicate igno
red
<to be read again> 
                   \relax 
l.27 \bibitem{Busoni:2013lha}
                             pdfTeX warning (ext4): destination with the same i
dentifier (name{cite.Busoni:2014sya}) has been already used, duplicate ignored
<to be read again> 
                   \relax 
l.35 \bibitem{Busoni:2014sya}
                             pdfTeX warning (ext4): destination with the same i
dentifier (name{cite.Belyaev:2016pxe}) has been already used, duplicate ignored

<to be read again> 
                   \relax 
l.44 \bibitem{Belyaev:2016pxe}
                              pdfTeX warning (ext4): destination with the same 
identifier (name{cite.PhysRevD.85.056011}) has been already used, duplicate ign
ored
<to be read again> 
                   \relax 
l.52 \bibitem{PhysRevD.85.056011}
                                 pdfTeX warning (ext4): destination with the sa
me identifier (name{cite.PhysRevD.84.095013}) has been already used, duplicate 
ignored
<to be read again> 
                   \relax 
l.58 \bibitem{PhysRevD.84.095013}
                                 pdfTeX warning (ext4): destination with the sa
me identifier (name{cite.Buckley:2014fba}) has been already used, duplicate ign
ored
<to be read again> 
                   \relax 
l.65 \bibitem{Buckley:2014fba}
                              pdfTeX warning (ext4): destination with the same 
identifier (name{cite.Buchmueller:2013dya}) has been already used, duplicate ig
nored
<to be read again> 
                   \relax 
l.72 \bibitem{Buchmueller:2013dya}
                                  pdfTeX warning (ext4): destination with the s
ame identifier (name{cite.Buchmueller:2014yoa}) has been already used, duplicat
e ignored
<to be read again> 
                   \relax 
l.80 \bibitem{Buchmueller:2014yoa}
                                  pdfTeX warning (ext4): destination with the s
ame identifier (name{cite.Abdallah:2015ter}) has been already used, duplicate i
gnored
<to be read again> 
                   \relax 
l.88 \bibitem{Abdallah:2015ter}
                               pdfTeX warning (ext4): destination with the same
 identifier (name{cite.Abdallah:2014hon}) has been already used, duplicate igno
red
<to be read again> 
                   \relax 
l.95 \bibitem{Abdallah:2014hon}
                               pdfTeX warning (ext4): destination with the same
 identifier (name{cite.Cirelli:2005uq}) has been already used, duplicate ignore
d
<to be read again> 
                   \relax 
l.101 \bibitem{Cirelli:2005uq}
                              pdfTeX warning (ext4): destination with the same 
identifier (name{cite.Hambye:2008bq}) has been already used, duplicate ignored
<to be read again> 
                   \relax 
l.109 \bibitem{Hambye:2008bq}
                             pdfTeX warning (ext4): destination with the same i
dentifier (name{cite.DiazCruz:2010dc}) has been already used, duplicate ignored

<to be read again> 
                   \relax 
l.116 \bibitem{DiazCruz:2010dc}
                               pdfTeX warning (ext4): destination with the same
 identifier (name{cite.Kanemura:2010sh}) has been already used, duplicate ignor
ed
<to be read again> 
                   \relax 
l.124 \bibitem{Kanemura:2010sh}
                               pdfTeX warning (ext4): destination with the same
 identifier (name{cite.Djouadi:2011aa}) has been already used, duplicate ignore
d
<to be read again> 
                   \relax 
l.132 \bibitem{Djouadi:2011aa}
                              pdfTeX warning (ext4): destination with the same 
identifier (name{cite.Lebedev:2011iq}) has been already used, duplicate ignored

<to be read again> 
                   \relax 
l.140 \bibitem{Lebedev:2011iq}
                              pdfTeX warning (ext4): destination with the same 
identifier (name{cite.Farzan:2012hh}) has been already used, duplicate ignored
<to be read again> 
                   \relax 
l.148 \bibitem{Farzan:2012hh}
                             pdfTeX warning (ext4): destination with the same i
dentifier (name{cite.Baek:2012se}) has been already used, duplicate ignored
<to be read again> 
                   \relax 
l.155 \bibitem{Baek:2012se}
                           pdfTeX warning (ext4): destination with the same ide
ntifier (name{cite.Yu:2014pra}) has been already used, duplicate ignored
<to be read again> 
                   \relax 
l.162 \bibitem{Yu:2014pra}
                          pdfTeX warning (ext4): destination with the same iden
tifier (name{cite.Gross:2015cwa}) has been already used, duplicate ignored
<to be read again> 
                   \relax 
l.170 \bibitem{Gross:2015cwa}
                             pdfTeX warning (ext4): destination with the same i
dentifier (name{cite.DiChiara:2015bua}) has been already used, duplicate ignore
d
<to be read again> 
                   \relax 
l.177 \bibitem{DiChiara:2015bua}
                                pdfTeX warning (ext4): destination with the sam
e identifier (name{cite.Servant:2002aq}) has been already used, duplicate ignor
ed
<to be read again> 
                   \relax 
l.184 \bibitem{Servant:2002aq}
                              pdfTeX warning (ext4): destination with the same 
identifier (name{cite.Birkedal:2006fz}) has been already used, duplicate ignore
d
<to be read again> 
                   \relax 
l.193 \bibitem{Birkedal:2006fz}
                               pdfTeX warning (ext4): destination with the same
 identifier (name{cite.Abe:2012hb}) has been already used, duplicate ignored
<to be read again> 
                   \relax 
l.201 \bibitem{Abe:2012hb}
                          pdfTeX warning (ext4): destination with the same iden
tifier (name{cite.Belyaev:2018xpf}) has been already used, duplicate ignored
<to be read again> 
                   \relax 
l.208 \bibitem{Belyaev:2018xpf}
                               pdfTeX warning (ext4): destination with the same
 identifier (name{cite.Mizukoshi:2010ky}) has been already used, duplicate igno
red
<to be read again> 
                   \relax 
l.214 \bibitem{Mizukoshi:2010ky}
                                 [21]pdfTeX warning (ext4): destination with th
e same identifier (name{cite.Dong:2017zxo}) has been already used, duplicate ig
nored
<to be read again> 
                   \relax 
l.222 \bibitem{Dong:2017zxo}
                            pdfTeX warning (ext4): destination with the same id
entifier (name{cite.Maru:2018ocf}) has been already used, duplicate ignored
<to be read again> 
                   \relax 
l.230 \bibitem{Maru:2018ocf}
                            pdfTeX warning (ext4): destination with the same id
entifier (name{cite.PhysRevD.18.2574}) has been already used, duplicate ignored

<to be read again> 
                   \relax 
l.236 \bibitem{PhysRevD.18.2574}
                                pdfTeX warning (ext4): destination with the sam
e identifier (name{cite.Barbieri:2006dq}) has been already used, duplicate igno
red
<to be read again> 
                   \relax 
l.242 \bibitem{Barbieri:2006dq}
                               pdfTeX warning (ext4): destination with the same
 identifier (name{cite.Goudelis:2013uca}) has been already used, duplicate igno
red
<to be read again> 
                   \relax 
l.251 \bibitem{Goudelis:2013uca}
                                pdfTeX warning (ext4): destination with the sam
e identifier (name{cite.Arhrib:2013ela}) has been already used, duplicate ignor
ed
<to be read again> 
                   \relax 
l.259 \bibitem{Arhrib:2013ela}
                              pdfTeX warning (ext4): destination with the same 
identifier (name{cite.Ilnicka:2015jba}) has been already used, duplicate ignore
d
<to be read again> 
                   \relax 
l.268 \bibitem{Ilnicka:2015jba}
                               pdfTeX warning (ext4): destination with the same
 identifier (name{cite.Belyaev:2016lok}) has been already used, duplicate ignor
ed
<to be read again> 
                   \relax 
l.276 \bibitem{Belyaev:2016lok}
                               pdfTeX warning (ext4): destination with the same
 identifier (name{cite.Hewett:1993ks}) has been already used, duplicate ignored

<to be read again> 
                   \relax 
l.285 \bibitem{Hewett:1993ks}
                             pdfTeX warning (ext4): destination with the same i
dentifier (name{cite.LopezHonorez:2006gr}) has been already used, duplicate ign
ored
<to be read again> 
                   \relax 
l.297 \bibitem{LopezHonorez:2006gr}
                                   pdfTeX warning (ext4): destination with the 
same identifier (name{cite.Tulin:2017ara}) has been already used, duplicate ign
ored
<to be read again> 
                   \relax 
l.306 \bibitem{Tulin:2017ara}
                             pdfTeX warning (ext4): destination with the same i
dentifier (name{cite.Semenov:2010qt}) has been already used, duplicate ignored
<to be read again> 
                   \relax 
l.313 \bibitem{Semenov:2010qt}
                              pdfTeX warning (ext4): destination with the same 
identifier (name{cite.Belyaev:2012qa}) has been already used, duplicate ignored

<to be read again> 
                   \relax 
l.319 \bibitem{Belyaev:2012qa}
                              pdfTeX warning (ext4): destination with the same 
identifier (name{cite.Belanger:2013oya}) has been already used, duplicate ignor
ed
<to be read again> 
                   \relax 
l.327 \bibitem{Belanger:2013oya}
                                pdfTeX warning (ext4): destination with the sam
e identifier (name{cite.Belanger:2006is}) has been already used, duplicate igno
red
<to be read again> 
                   \relax 
l.335 \bibitem{Belanger:2006is}
                               pdfTeX warning (ext4): destination with the same
 identifier (name{cite.Belanger:2010gh}) has been already used, duplicate ignor
ed
<to be read again> 
                   \relax 
l.344 \bibitem{Belanger:2010gh}
                               pdfTeX warning (ext4): destination with the same
 identifier (name{cite.Cao:2007rm}) has been already used, duplicate ignored
<to be read again> 
                   \relax 
l.352 \bibitem{Cao:2007rm}
                          pdfTeX warning (ext4): destination with the same iden
tifier (name{cite.Gustafsson:2007pc}) has been already used, duplicate ignored
<to be read again> 
                   \relax 
l.360 \bibitem{Gustafsson:2007pc}
                                 pdfTeX warning (ext4): destination with the sa
me identifier (name{cite.PhysRevD.79.035013}) has been already used, duplicate 
ignored
<to be read again> 
                   \relax 
l.369 \bibitem{PhysRevD.79.035013}
                                  pdfTeX warning (ext4): destination with the s
ame identifier (name{cite.Pierce:2007ut}) has been already used, duplicate igno
red
<to be read again> 
                   \relax 
l.375 \bibitem{Pierce:2007ut}
                             pdfTeX warning (ext4): destination with the same i
dentifier (name{cite.Abreu:2000dd}) has been already used, duplicate ignored
<to be read again> 
                   \relax 
l.384 \bibitem{Abreu:2000dd}
                            pdfTeX warning (ext4): destination with the same id
entifier (name{cite.Abbiendi:1999ar}) has been already used, duplicate ignored
<to be read again> 
                   \relax 
l.393 \bibitem{Abbiendi:1999ar}
                               pdfTeX warning (ext4): destination with the same
 identifier (name{cite.Aaboud:2018xdt}) has been already used, duplicate ignore
d
<to be read again> 
                   \relax 
l.402 \bibitem{Aaboud:2018xdt}
                              pdfTeX warning (ext4): destination with the same 
identifier (name{cite.Aad:2015txa}) has been already used, duplicate ignored
<to be read again> 
                   \relax 
l.409 \bibitem{Aad:2015txa}
                           pdfTeX warning (ext4): destination with the same ide
ntifier (name{cite.Khachatryan:2016whc}) has been already used, duplicate ignor
ed
<to be read again> 
                   \relax 
l.418 \bibitem{Khachatryan:2016whc}
                                   pdfTeX warning (ext4): destination with the 
same identifier (name{cite.Belyaev:2018ext}) has been already used, duplicate i
gnored
<to be read again> 
                   \relax 
l.426 \bibitem{Belyaev:2018ext}
                               pdfTeX warning (ext4): destination with the same
 identifier (name{cite.Hinshaw:2012aka}) has been already used, duplicate ignor
ed
<to be read again> 
                   \relax 
l.434 \bibitem{Hinshaw:2012aka}
                               pdfTeX warning (ext4): destination with the same
 identifier (name{cite.Ade:2013zuv}) has been already used, duplicate ignored
<to be read again> 
                   \relax 
l.443 \bibitem{Ade:2013zuv}
                           pdfTeX warning (ext4): destination with the same ide
ntifier (name{cite.Planck:2015xua}) has been already used, duplicate ignored
<to be read again> 
                   \relax 
l.452 \bibitem{Planck:2015xua}
                              pdfTeX warning (ext4): destination with the same 
identifier (name{cite.Aprile:2017iyp}) has been already used, duplicate ignored

<to be read again> 
                   \relax 
l.459 \bibitem{Aprile:2017iyp}
                              pdfTeX warning (ext4): destination with the same 
identifier (name{cite.Kahlhoefer:2015bea}) has been already used, duplicate ign
ored
<to be read again> 
                   \relax 
l.468 \bibitem{Kahlhoefer:2015bea}
                                   [22]pdfTeX warning (ext4): destination with 
the same identifier (name{cite.maxima}) has been already used, duplicate ignore
d
<to be read again> 
                   \relax 
l.476 \bibitem{maxima}
                      pdfTeX warning (ext4): destination with the same identifi
er (name{cite.Dirac2}) has been already used, duplicate ignored
<to be read again> 
                   \relax 
l.480 \bibitem{Dirac2}
                      pdfTeX warning (ext4): destination with the same identifi
er (name{cite.Lee:1977eg}) has been already used, duplicate ignored
<to be read again> 
                   \relax 
l.484 \bibitem{Lee:1977eg}
                          )

Package natbib Warning: There were multiply defined citations.

[23]
Package atveryend Info: Empty hook `AfterLastShipout' on input line 1279.
 (./VDDMM.aux

Package natbib Warning: Citation(s) may have changed.
(natbib)                Rerun to get citations correct.

)
Package atveryend Info: Executing hook `AtVeryEndDocument' on input line 1279.
Package atveryend Info: Executing hook `AtEndAfterFileList' on input line 1279.

Package rerunfilecheck Info: File `VDDMM.out' has not changed.
(rerunfilecheck)             Checksum: 44D81D9CDF80D736D5A896D654ECC52F;1401.
 ) 
Here is how much of TeX's memory you used:
 9811 strings out of 492982
 145703 string characters out of 6134895
 256882 words of memory out of 5000000
 13072 multiletter control sequences out of 15000+600000
 14371 words of font info for 57 fonts, out of 8000000 for 9000
 1141 hyphenation exceptions out of 8191
 36i,13n,44p,2910b,950s stack positions out of 5000i,500n,10000p,200000b,80000s
</usr/share/texlive/texmf-dist/fonts/type1/public/amsfonts/cm/cmbx10.pfb></us
r/share/texlive/texmf-dist/fonts/type1/public/amsfonts/cm/cmbx12.pfb></usr/shar
e/texlive/texmf-dist/fonts/type1/public/amsfonts/cm/cmbx9.pfb></usr/share/texli
ve/texmf-dist/fonts/type1/public/amsfonts/cm/cmex10.pfb></usr/share/texlive/tex
mf-dist/fonts/type1/public/amsfonts/cmextra/cmex9.pfb></usr/share/texlive/texmf
-dist/fonts/type1/public/amsfonts/cm/cmmi10.pfb></usr/share/texlive/texmf-dist/
fonts/type1/public/amsfonts/cm/cmmi12.pfb></usr/share/texlive/texmf-dist/fonts/
type1/public/amsfonts/cm/cmmi5.pfb></usr/share/texlive/texmf-dist/fonts/type1/p
ublic/amsfonts/cm/cmmi6.pfb></usr/share/texlive/texmf-dist/fonts/type1/public/a
msfonts/cm/cmmi7.pfb></usr/share/texlive/texmf-dist/fonts/type1/public/amsfonts
/cm/cmmi8.pfb></usr/share/texlive/texmf-dist/fonts/type1/public/amsfonts/cm/cmm
i9.pfb></usr/share/texlive/texmf-dist/fonts/type1/public/amsfonts/cm/cmr10.pfb>
</usr/share/texlive/texmf-dist/fonts/type1/public/amsfonts/cm/cmr12.pfb></usr/s
hare/texlive/texmf-dist/fonts/type1/public/amsfonts/cm/cmr5.pfb></usr/share/tex
live/texmf-dist/fonts/type1/public/amsfonts/cm/cmr6.pfb></usr/share/texlive/tex
mf-dist/fonts/type1/public/amsfonts/cm/cmr7.pfb></usr/share/texlive/texmf-dist/
fonts/type1/public/amsfonts/cm/cmr8.pfb></usr/share/texlive/texmf-dist/fonts/ty
pe1/public/amsfonts/cm/cmr9.pfb></usr/share/texlive/texmf-dist/fonts/type1/publ
ic/amsfonts/cm/cmsy10.pfb></usr/share/texlive/texmf-dist/fonts/type1/public/ams
fonts/cm/cmsy5.pfb></usr/share/texlive/texmf-dist/fonts/type1/public/amsfonts/c
m/cmsy6.pfb></usr/share/texlive/texmf-dist/fonts/type1/public/amsfonts/cm/cmsy7
.pfb></usr/share/texlive/texmf-dist/fonts/type1/public/amsfonts/cm/cmsy8.pfb></
usr/share/texlive/texmf-dist/fonts/type1/public/amsfonts/cm/cmsy9.pfb></usr/sha
re/texlive/texmf-dist/fonts/type1/public/amsfonts/cm/cmti10.pfb></usr/share/tex
live/texmf-dist/fonts/type1/public/amsfonts/cm/cmti9.pfb></usr/share/texlive/te
xmf-dist/fonts/type1/public/amsfonts/cm/cmtt10.pfb></usr/share/texlive/texmf-di
st/fonts/type1/public/amsfonts/cm/cmtt8.pfb></usr/share/texlive/texmf-dist/font
s/type1/public/amsfonts/cm/cmtt9.pfb></usr/share/texlive/texmf-dist/fonts/type1
/public/amsfonts/symbols/msam10.pfb>
Output written on VDDMM.pdf (23 pages, 4632564 bytes).
PDF statistics:
 915 PDF objects out of 1000 (max. 8388607)
 814 compressed objects within 9 object streams
 162 named destinations out of 1000 (max. 500000)
 303 words of extra memory for PDF output out of 10000 (max. 10000000)

